[30-Mar-2017 23:11:52 UTC] PHP Fatal error:  Uncaught Error: Class 'SimpleXMLElement' not found in /var/www/html/wordpress/wp-content/plugins/amazon-web-services/vendor/aws/Aws/Common/Exception/Parser/DefaultXmlExceptionParser.php:45
Stack trace:
#0 /var/www/html/wordpress/wp-content/plugins/amazon-web-services/vendor/aws/Aws/S3/Exception/Parser/S3ExceptionParser.php(33): Aws\Common\Exception\Parser\DefaultXmlExceptionParser->parse(Object(Guzzle\Http\Message\Request), Object(Guzzle\Http\Message\Response))
#1 /var/www/html/wordpress/wp-content/plugins/amazon-web-services/vendor/aws/Aws/Common/Client/ExpiredCredentialsChecker.php(61): Aws\S3\Exception\Parser\S3ExceptionParser->parse(Object(Guzzle\Http\Message\Request), Object(Guzzle\Http\Message\Response))
#2 /var/www/html/wordpress/wp-content/plugins/amazon-web-services/vendor/aws/Guzzle/Plugin/Backoff/AbstractBackoffStrategy.php(39): Aws\Common\Client\ExpiredCredentialsChecker->getDelay(0, Object(Guzzle\Http\Message\Request), Object(Guzzle\Http\Message\Response), NULL)
#3 /var/www/html/wordpress/wp-cont in /var/www/html/wordpress/wp-content/plugins/amazon-web-services/vendor/aws/Aws/Common/Exception/Parser/DefaultXmlExceptionParser.php on line 45
[30-Mar-2017 23:37:48 UTC] PHP Notice: This XML document is invalid, likely due to invalid characters. XML error: Undeclared entity error at line 11, column 24 in /var/www/html/wordpress/wp-includes/class-simplepie.php on line 1421
[03-Apr-2017 19:51:28 UTC] PHP Notice: This XML document is invalid, likely due to invalid characters. XML error: Undeclared entity error at line 11, column 24 in /var/www/html/wordpress/wp-includes/class-simplepie.php on line 1421
[03-Apr-2017 19:51:46 UTC] PHP Notice:  Trying to get property of non-object in /var/www/html/wordpress/wp-content/plugins/revslider/includes/page-template.class.php on line 115
[03-Apr-2017 19:52:23 UTC] PHP Notice:  Trying to get property of non-object in /var/www/html/wordpress/wp-content/plugins/revslider/includes/page-template.class.php on line 115
[03-Apr-2017 20:22:16 UTC] PHP Notice:  Trying to get property of non-object in /var/www/html/wordpress/wp-content/plugins/revslider/includes/page-template.class.php on line 115
[03-Apr-2017 20:25:47 UTC] PHP Notice:  Trying to get property of non-object in /var/www/html/wordpress/wp-content/plugins/revslider/includes/page-template.class.php on line 115
[03-Apr-2017 20:33:01 UTC] PHP Notice:  Trying to get property of non-object in /var/www/html/wordpress/wp-content/plugins/revslider/includes/page-template.class.php on line 115
[03-Apr-2017 20:33:15 UTC] PHP Notice:  Trying to get property of non-object in /var/www/html/wordpress/wp-content/plugins/revslider/includes/page-template.class.php on line 115
[03-Apr-2017 20:33:28 UTC] PHP Notice:  Trying to get property of non-object in /var/www/html/wordpress/wp-content/plugins/revslider/includes/page-template.class.php on line 115
[03-Apr-2017 20:41:48 UTC] PHP Notice:  Trying to get property of non-object in /var/www/html/wordpress/wp-content/plugins/revslider/includes/page-template.class.php on line 115
[03-Apr-2017 20:45:21 UTC] PHP Notice:  Trying to get property of non-object in /var/www/html/wordpress/wp-content/plugins/revslider/includes/page-template.class.php on line 115
[03-Apr-2017 20:51:27 UTC] PHP Notice:  Trying to get property of non-object in /var/www/html/wordpress/wp-content/plugins/revslider/includes/page-template.class.php on line 115
[03-Apr-2017 21:05:56 UTC] PHP Notice:  Trying to get property of non-object in /var/www/html/wordpress/wp-content/plugins/revslider/includes/page-template.class.php on line 115
[03-Apr-2017 21:06:33 UTC] PHP Notice:  Undefined variable: thumbnail in /var/www/html/wordpress/wp-content/themes/h-code/inc/hcode-recent-post-widget.php on line 90
[03-Apr-2017 21:06:35 UTC] PHP Notice:  Trying to get property of non-object in /var/www/html/wordpress/wp-content/plugins/revslider/includes/page-template.class.php on line 115
[03-Apr-2017 21:09:33 UTC] PHP Notice:  Trying to get property of non-object in /var/www/html/wordpress/wp-content/plugins/revslider/includes/page-template.class.php on line 115
[03-Apr-2017 21:11:34 UTC] PHP Notice:  Trying to get property of non-object in /var/www/html/wordpress/wp-content/plugins/revslider/includes/page-template.class.php on line 115
[03-Apr-2017 21:12:07 UTC] PHP Notice:  Undefined variable: thumbnail in /var/www/html/wordpress/wp-content/themes/h-code/inc/hcode-recent-post-widget.php on line 90
[03-Apr-2017 21:12:09 UTC] PHP Notice:  Trying to get property of non-object in /var/www/html/wordpress/wp-content/plugins/revslider/includes/page-template.class.php on line 115
[03-Apr-2017 21:12:40 UTC] PHP Notice:  Trying to get property of non-object in /var/www/html/wordpress/wp-content/plugins/revslider/includes/page-template.class.php on line 115
[03-Apr-2017 21:12:40 UTC] PHP Notice:  Trying to get property of non-object in /var/www/html/wordpress/wp-content/plugins/revslider/includes/page-template.class.php on line 115
[03-Apr-2017 21:12:48 UTC] PHP Notice:  Trying to get property of non-object in /var/www/html/wordpress/wp-content/plugins/revslider/includes/page-template.class.php on line 115
[03-Apr-2017 21:12:48 UTC] PHP Notice:  Trying to get property of non-object in /var/www/html/wordpress/wp-content/plugins/revslider/includes/page-template.class.php on line 115
[03-Apr-2017 21:12:50 UTC] PHP Notice:  Trying to get property of non-object in /var/www/html/wordpress/wp-content/plugins/revslider/includes/page-template.class.php on line 115
[03-Apr-2017 21:12:50 UTC] PHP Notice:  Trying to get property of non-object in /var/www/html/wordpress/wp-content/plugins/revslider/includes/page-template.class.php on line 115
[03-Apr-2017 21:12:57 UTC] PHP Notice:  Trying to get property of non-object in /var/www/html/wordpress/wp-content/plugins/revslider/includes/page-template.class.php on line 115
[03-Apr-2017 21:12:57 UTC] PHP Notice:  Trying to get property of non-object in /var/www/html/wordpress/wp-content/plugins/revslider/includes/page-template.class.php on line 115
[03-Apr-2017 21:13:38 UTC] PHP Notice:  Trying to get property of non-object in /var/www/html/wordpress/wp-content/plugins/revslider/includes/page-template.class.php on line 115
[03-Apr-2017 21:14:22 UTC] PHP Notice:  Trying to get property of non-object in /var/www/html/wordpress/wp-content/plugins/revslider/includes/page-template.class.php on line 115
[03-Apr-2017 21:14:23 UTC] PHP Notice:  Trying to get property of non-object in /var/www/html/wordpress/wp-content/plugins/revslider/includes/page-template.class.php on line 115
[03-Apr-2017 21:14:32 UTC] PHP Notice:  Trying to get property of non-object in /var/www/html/wordpress/wp-content/plugins/revslider/includes/page-template.class.php on line 115
[03-Apr-2017 21:14:50 UTC] PHP Notice:  Undefined variable: thumbnail in /var/www/html/wordpress/wp-content/themes/h-code/inc/hcode-recent-post-widget.php on line 90
[03-Apr-2017 21:16:09 UTC] PHP Notice:  Undefined variable: thumbnail in /var/www/html/wordpress/wp-content/themes/h-code/inc/hcode-recent-post-widget.php on line 90
[03-Apr-2017 22:19:20 UTC] PHP Notice:  Trying to get property of non-object in /var/www/html/wordpress/wp-content/themes/h-code/lib/hcode-extra-functions.php on line 155
[03-Apr-2017 22:19:20 UTC] PHP Notice:  Trying to get property of non-object in /var/www/html/wordpress/wp-content/themes/h-code/lib/hcode-extra-functions.php on line 155
[03-Apr-2017 22:24:53 UTC] PHP Notice:  Trying to get property of non-object in /var/www/html/wordpress/wp-content/themes/h-code/lib/hcode-extra-functions.php on line 155
[03-Apr-2017 22:24:55 UTC] PHP Notice:  Trying to get property of non-object in /var/www/html/wordpress/wp-content/themes/h-code/lib/hcode-extra-functions.php on line 155
[03-Apr-2017 22:26:32 UTC] PHP Notice:  Trying to get property of non-object in /var/www/html/wordpress/wp-content/themes/h-code/lib/hcode-extra-functions.php on line 155
[03-Apr-2017 22:26:33 UTC] PHP Notice:  Trying to get property of non-object in /var/www/html/wordpress/wp-content/themes/h-code/lib/hcode-extra-functions.php on line 155
[03-Apr-2017 22:26:38 UTC] PHP Notice:  Trying to get property of non-object in /var/www/html/wordpress/wp-content/themes/h-code/lib/hcode-extra-functions.php on line 155
[03-Apr-2017 22:26:39 UTC] PHP Notice:  Trying to get property of non-object in /var/www/html/wordpress/wp-content/themes/h-code/lib/hcode-extra-functions.php on line 155
[03-Apr-2017 22:31:33 UTC] PHP Notice:  Trying to get property of non-object in /var/www/html/wordpress/wp-content/themes/h-code/lib/hcode-extra-functions.php on line 155
[03-Apr-2017 22:31:34 UTC] PHP Notice:  Trying to get property of non-object in /var/www/html/wordpress/wp-content/themes/h-code/lib/hcode-extra-functions.php on line 155
[03-Apr-2017 22:44:33 UTC] PHP Notice:  Undefined variable: thumbnail in /var/www/html/wordpress/wp-content/themes/h-code/inc/hcode-recent-post-widget.php on line 90
[03-Apr-2017 22:48:32 UTC] PHP Notice:  Undefined variable: thumbnail in /var/www/html/wordpress/wp-content/themes/h-code/inc/hcode-recent-post-widget.php on line 90
[03-Apr-2017 23:35:53 UTC] PHP Warning:  explode() expects parameter 2 to be string, array given in /var/www/html/wordpress/wp-content/plugins/hcode-addons/hcode-shortcodes/extend-composer/hcode-multiple-portfolio-categories.php on line 12
[03-Apr-2017 23:35:53 UTC] PHP Warning:  Invalid argument supplied for foreach() in /var/www/html/wordpress/wp-content/plugins/hcode-addons/hcode-shortcodes/extend-composer/hcode-multiple-portfolio-categories.php on line 14
[04-Apr-2017 03:38:41 UTC] PHP Notice:  Trying to get property of non-object in /var/www/html/wordpress/wp-content/themes/h-code/lib/hcode-extra-functions.php on line 155
[04-Apr-2017 03:38:42 UTC] PHP Notice:  Trying to get property of non-object in /var/www/html/wordpress/wp-content/themes/h-code/lib/hcode-extra-functions.php on line 155
[04-Apr-2017 03:42:07 UTC] PHP Notice:  Trying to get property of non-object in /var/www/html/wordpress/wp-content/themes/h-code/lib/hcode-extra-functions.php on line 155
[04-Apr-2017 03:42:08 UTC] PHP Notice:  Trying to get property of non-object in /var/www/html/wordpress/wp-content/themes/h-code/lib/hcode-extra-functions.php on line 155
[04-Apr-2017 03:43:52 UTC] PHP Notice:  Trying to get property of non-object in /var/www/html/wordpress/wp-content/themes/h-code/lib/hcode-extra-functions.php on line 155
[04-Apr-2017 03:43:53 UTC] PHP Notice:  Trying to get property of non-object in /var/www/html/wordpress/wp-content/themes/h-code/lib/hcode-extra-functions.php on line 155
[04-Apr-2017 03:45:19 UTC] PHP Notice:  Trying to get property of non-object in /var/www/html/wordpress/wp-content/themes/h-code/lib/hcode-extra-functions.php on line 155
[04-Apr-2017 03:45:20 UTC] PHP Notice:  Trying to get property of non-object in /var/www/html/wordpress/wp-content/themes/h-code/lib/hcode-extra-functions.php on line 155
[04-Apr-2017 03:47:36 UTC] PHP Notice:  Trying to get property of non-object in /var/www/html/wordpress/wp-content/themes/h-code/lib/hcode-extra-functions.php on line 155
[04-Apr-2017 03:47:37 UTC] PHP Notice:  Trying to get property of non-object in /var/www/html/wordpress/wp-content/themes/h-code/lib/hcode-extra-functions.php on line 155
[04-Apr-2017 03:48:22 UTC] PHP Notice:  Trying to get property of non-object in /var/www/html/wordpress/wp-content/themes/h-code/lib/hcode-extra-functions.php on line 155
[04-Apr-2017 03:48:23 UTC] PHP Notice:  Trying to get property of non-object in /var/www/html/wordpress/wp-content/themes/h-code/lib/hcode-extra-functions.php on line 155
[04-Apr-2017 03:48:44 UTC] PHP Notice:  Trying to get property of non-object in /var/www/html/wordpress/wp-content/themes/h-code/lib/hcode-extra-functions.php on line 155
[04-Apr-2017 03:48:45 UTC] PHP Notice:  Trying to get property of non-object in /var/www/html/wordpress/wp-content/themes/h-code/lib/hcode-extra-functions.php on line 155
[04-Apr-2017 03:50:17 UTC] PHP Notice:  Trying to get property of non-object in /var/www/html/wordpress/wp-content/themes/h-code/lib/hcode-extra-functions.php on line 155
[04-Apr-2017 03:50:18 UTC] PHP Notice:  Trying to get property of non-object in /var/www/html/wordpress/wp-content/themes/h-code/lib/hcode-extra-functions.php on line 155
[04-Apr-2017 03:51:19 UTC] PHP Notice:  Trying to get property of non-object in /var/www/html/wordpress/wp-content/themes/h-code/lib/hcode-extra-functions.php on line 155
[04-Apr-2017 03:51:20 UTC] PHP Notice:  Trying to get property of non-object in /var/www/html/wordpress/wp-content/themes/h-code/lib/hcode-extra-functions.php on line 155
[04-Apr-2017 03:51:41 UTC] PHP Notice:  Trying to get property of non-object in /var/www/html/wordpress/wp-content/themes/h-code/lib/hcode-extra-functions.php on line 155
[04-Apr-2017 03:51:42 UTC] PHP Notice:  Trying to get property of non-object in /var/www/html/wordpress/wp-content/themes/h-code/lib/hcode-extra-functions.php on line 155
[04-Apr-2017 03:52:27 UTC] PHP Notice:  Trying to get property of non-object in /var/www/html/wordpress/wp-content/themes/h-code/lib/hcode-extra-functions.php on line 155
[04-Apr-2017 03:52:28 UTC] PHP Notice:  Trying to get property of non-object in /var/www/html/wordpress/wp-content/themes/h-code/lib/hcode-extra-functions.php on line 155
[04-Apr-2017 03:52:42 UTC] PHP Notice:  Trying to get property of non-object in /var/www/html/wordpress/wp-content/themes/h-code/lib/hcode-extra-functions.php on line 155
[04-Apr-2017 03:52:43 UTC] PHP Notice:  Trying to get property of non-object in /var/www/html/wordpress/wp-content/themes/h-code/lib/hcode-extra-functions.php on line 155
[04-Apr-2017 03:53:08 UTC] PHP Notice:  Trying to get property of non-object in /var/www/html/wordpress/wp-content/themes/h-code/lib/hcode-extra-functions.php on line 155
[04-Apr-2017 03:53:09 UTC] PHP Notice:  Trying to get property of non-object in /var/www/html/wordpress/wp-content/themes/h-code/lib/hcode-extra-functions.php on line 155
[04-Apr-2017 03:53:39 UTC] PHP Notice:  Trying to get property of non-object in /var/www/html/wordpress/wp-content/themes/h-code/lib/hcode-extra-functions.php on line 155
[04-Apr-2017 03:53:41 UTC] PHP Notice:  Trying to get property of non-object in /var/www/html/wordpress/wp-content/themes/h-code/lib/hcode-extra-functions.php on line 155
[04-Apr-2017 03:54:15 UTC] PHP Notice:  Trying to get property of non-object in /var/www/html/wordpress/wp-content/themes/h-code/lib/hcode-extra-functions.php on line 155
[04-Apr-2017 03:54:16 UTC] PHP Notice:  Trying to get property of non-object in /var/www/html/wordpress/wp-content/themes/h-code/lib/hcode-extra-functions.php on line 155
[04-Apr-2017 03:54:34 UTC] PHP Notice:  Trying to get property of non-object in /var/www/html/wordpress/wp-content/themes/h-code/lib/hcode-extra-functions.php on line 155
[04-Apr-2017 03:54:35 UTC] PHP Notice:  Trying to get property of non-object in /var/www/html/wordpress/wp-content/themes/h-code/lib/hcode-extra-functions.php on line 155
[04-Apr-2017 03:56:17 UTC] PHP Notice:  Trying to get property of non-object in /var/www/html/wordpress/wp-content/themes/h-code/lib/hcode-extra-functions.php on line 155
[04-Apr-2017 03:56:18 UTC] PHP Notice:  Trying to get property of non-object in /var/www/html/wordpress/wp-content/themes/h-code/lib/hcode-extra-functions.php on line 155
[04-Apr-2017 03:56:44 UTC] PHP Notice:  Trying to get property of non-object in /var/www/html/wordpress/wp-content/themes/h-code/lib/hcode-extra-functions.php on line 155
[04-Apr-2017 03:56:45 UTC] PHP Notice:  Trying to get property of non-object in /var/www/html/wordpress/wp-content/themes/h-code/lib/hcode-extra-functions.php on line 155
[04-Apr-2017 03:57:40 UTC] PHP Notice:  Trying to get property of non-object in /var/www/html/wordpress/wp-content/themes/h-code/lib/hcode-extra-functions.php on line 155
[04-Apr-2017 03:57:41 UTC] PHP Notice:  Trying to get property of non-object in /var/www/html/wordpress/wp-content/themes/h-code/lib/hcode-extra-functions.php on line 155
[04-Apr-2017 04:02:11 UTC] PHP Notice:  Trying to get property of non-object in /var/www/html/wordpress/wp-content/themes/h-code/lib/hcode-extra-functions.php on line 155
[04-Apr-2017 04:02:12 UTC] PHP Notice:  Trying to get property of non-object in /var/www/html/wordpress/wp-content/themes/h-code/lib/hcode-extra-functions.php on line 155
[04-Apr-2017 04:12:48 UTC] PHP Notice:  Trying to get property of non-object in /var/www/html/wordpress/wp-content/themes/h-code/lib/hcode-extra-functions.php on line 155
[04-Apr-2017 04:12:49 UTC] PHP Notice:  Trying to get property of non-object in /var/www/html/wordpress/wp-content/themes/h-code/lib/hcode-extra-functions.php on line 155
[04-Apr-2017 04:13:21 UTC] PHP Notice:  Trying to get property of non-object in /var/www/html/wordpress/wp-content/themes/h-code/lib/hcode-extra-functions.php on line 155
[04-Apr-2017 04:13:24 UTC] PHP Notice:  Trying to get property of non-object in /var/www/html/wordpress/wp-content/themes/h-code/lib/hcode-extra-functions.php on line 155
[04-Apr-2017 04:16:08 UTC] PHP Notice:  Trying to get property of non-object in /var/www/html/wordpress/wp-content/themes/h-code/lib/hcode-extra-functions.php on line 155
[04-Apr-2017 04:16:09 UTC] PHP Notice:  Trying to get property of non-object in /var/www/html/wordpress/wp-content/themes/h-code/lib/hcode-extra-functions.php on line 155
[04-Apr-2017 04:19:32 UTC] PHP Notice:  Trying to get property of non-object in /var/www/html/wordpress/wp-content/themes/h-code/lib/hcode-extra-functions.php on line 155
[04-Apr-2017 04:19:33 UTC] PHP Notice:  Trying to get property of non-object in /var/www/html/wordpress/wp-content/themes/h-code/lib/hcode-extra-functions.php on line 155
[04-Apr-2017 04:19:52 UTC] PHP Notice:  Trying to get property of non-object in /var/www/html/wordpress/wp-content/themes/h-code/lib/hcode-extra-functions.php on line 155
[04-Apr-2017 04:19:54 UTC] PHP Notice:  Trying to get property of non-object in /var/www/html/wordpress/wp-content/themes/h-code/lib/hcode-extra-functions.php on line 155
[04-Apr-2017 04:21:59 UTC] PHP Notice:  Trying to get property of non-object in /var/www/html/wordpress/wp-content/themes/h-code/lib/hcode-extra-functions.php on line 155
[04-Apr-2017 04:22:00 UTC] PHP Notice:  Trying to get property of non-object in /var/www/html/wordpress/wp-content/themes/h-code/lib/hcode-extra-functions.php on line 155
[04-Apr-2017 04:25:21 UTC] PHP Notice:  Trying to get property of non-object in /var/www/html/wordpress/wp-content/themes/h-code/lib/hcode-extra-functions.php on line 155
[04-Apr-2017 04:25:22 UTC] PHP Notice:  Trying to get property of non-object in /var/www/html/wordpress/wp-content/themes/h-code/lib/hcode-extra-functions.php on line 155
[04-Apr-2017 04:26:05 UTC] PHP Fatal error:  Uncaught Error: Call to undefined function imagecreatefromjpeg() in /var/www/html/wordpress/wp-content/plugins/js_composer/include/autoload/vc-image-filters.php:304
Stack trace:
#0 /var/www/html/wordpress/wp-content/plugins/js_composer/include/autoload/vc-image-filters.php(257): vc_get_gd_resource('/var/www/html/w...')
#1 /var/www/html/wordpress/wp-includes/class-wp-hook.php(298): vc_media_editor_preview_image('')
#2 /var/www/html/wordpress/wp-includes/class-wp-hook.php(323): WP_Hook->apply_filters('', Array)
#3 /var/www/html/wordpress/wp-includes/plugin.php(453): WP_Hook->do_action(Array)
#4 /var/www/html/wordpress/wp-admin/admin-ajax.php(91): do_action('wp_ajax_vc_medi...')
#5 {main}
  thrown in /var/www/html/wordpress/wp-content/plugins/js_composer/include/autoload/vc-image-filters.php on line 304
[04-Apr-2017 04:26:08 UTC] PHP Fatal error:  Uncaught Error: Call to undefined function imagecreatefromjpeg() in /var/www/html/wordpress/wp-content/plugins/js_composer/include/autoload/vc-image-filters.php:304
Stack trace:
#0 /var/www/html/wordpress/wp-content/plugins/js_composer/include/autoload/vc-image-filters.php(257): vc_get_gd_resource('/var/www/html/w...')
#1 /var/www/html/wordpress/wp-includes/class-wp-hook.php(298): vc_media_editor_preview_image('')
#2 /var/www/html/wordpress/wp-includes/class-wp-hook.php(323): WP_Hook->apply_filters('', Array)
#3 /var/www/html/wordpress/wp-includes/plugin.php(453): WP_Hook->do_action(Array)
#4 /var/www/html/wordpress/wp-admin/admin-ajax.php(91): do_action('wp_ajax_vc_medi...')
#5 {main}
  thrown in /var/www/html/wordpress/wp-content/plugins/js_composer/include/autoload/vc-image-filters.php on line 304
[04-Apr-2017 04:26:11 UTC] PHP Fatal error:  Uncaught Error: Call to undefined function imagecreatefromjpeg() in /var/www/html/wordpress/wp-content/plugins/js_composer/include/autoload/vc-image-filters.php:304
Stack trace:
#0 /var/www/html/wordpress/wp-content/plugins/js_composer/include/autoload/vc-image-filters.php(257): vc_get_gd_resource('/var/www/html/w...')
#1 /var/www/html/wordpress/wp-includes/class-wp-hook.php(298): vc_media_editor_preview_image('')
#2 /var/www/html/wordpress/wp-includes/class-wp-hook.php(323): WP_Hook->apply_filters('', Array)
#3 /var/www/html/wordpress/wp-includes/plugin.php(453): WP_Hook->do_action(Array)
#4 /var/www/html/wordpress/wp-admin/admin-ajax.php(91): do_action('wp_ajax_vc_medi...')
#5 {main}
  thrown in /var/www/html/wordpress/wp-content/plugins/js_composer/include/autoload/vc-image-filters.php on line 304
[04-Apr-2017 04:26:23 UTC] PHP Fatal error:  Uncaught Error: Call to undefined function imagecreatefromjpeg() in /var/www/html/wordpress/wp-content/plugins/js_composer/include/autoload/vc-image-filters.php:304
Stack trace:
#0 /var/www/html/wordpress/wp-content/plugins/js_composer/include/autoload/vc-image-filters.php(257): vc_get_gd_resource('/var/www/html/w...')
#1 /var/www/html/wordpress/wp-includes/class-wp-hook.php(298): vc_media_editor_preview_image('')
#2 /var/www/html/wordpress/wp-includes/class-wp-hook.php(323): WP_Hook->apply_filters('', Array)
#3 /var/www/html/wordpress/wp-includes/plugin.php(453): WP_Hook->do_action(Array)
#4 /var/www/html/wordpress/wp-admin/admin-ajax.php(91): do_action('wp_ajax_vc_medi...')
#5 {main}
  thrown in /var/www/html/wordpress/wp-content/plugins/js_composer/include/autoload/vc-image-filters.php on line 304
[04-Apr-2017 04:26:24 UTC] PHP Fatal error:  Uncaught Error: Call to undefined function imagecreatefromjpeg() in /var/www/html/wordpress/wp-content/plugins/js_composer/include/autoload/vc-image-filters.php:149
Stack trace:
#0 /var/www/html/wordpress/wp-includes/class-wp-hook.php(298): vc_media_editor_add_image('')
#1 /var/www/html/wordpress/wp-includes/class-wp-hook.php(323): WP_Hook->apply_filters('', Array)
#2 /var/www/html/wordpress/wp-includes/plugin.php(453): WP_Hook->do_action(Array)
#3 /var/www/html/wordpress/wp-admin/admin-ajax.php(91): do_action('wp_ajax_vc_medi...')
#4 {main}
  thrown in /var/www/html/wordpress/wp-content/plugins/js_composer/include/autoload/vc-image-filters.php on line 149
[04-Apr-2017 04:26:30 UTC] PHP Notice:  Trying to get property of non-object in /var/www/html/wordpress/wp-content/themes/h-code/lib/hcode-extra-functions.php on line 155
[04-Apr-2017 04:26:31 UTC] PHP Notice:  Trying to get property of non-object in /var/www/html/wordpress/wp-content/themes/h-code/lib/hcode-extra-functions.php on line 155
[04-Apr-2017 15:40:29 UTC] PHP Notice:  Trying to get property of non-object in /var/www/html/wordpress/wp-content/themes/h-code/lib/hcode-extra-functions.php on line 155
[04-Apr-2017 15:40:29 UTC] PHP Notice:  Trying to get property of non-object in /var/www/html/wordpress/wp-content/themes/h-code/lib/hcode-extra-functions.php on line 155
[04-Apr-2017 15:40:29 UTC] PHP Notice:  Trying to get property of non-object in /var/www/html/wordpress/wp-content/themes/h-code/lib/hcode-extra-functions.php on line 155
[04-Apr-2017 15:40:29 UTC] PHP Notice:  Trying to get property of non-object in /var/www/html/wordpress/wp-content/themes/h-code/lib/hcode-extra-functions.php on line 155
[05-Apr-2017 01:26:32 UTC] PHP Notice:  Trying to get property of non-object in /var/www/html/wordpress/wp-content/themes/h-code/lib/hcode-extra-functions.php on line 155
[05-Apr-2017 01:26:32 UTC] PHP Notice:  Trying to get property of non-object in /var/www/html/wordpress/wp-content/themes/h-code/lib/hcode-extra-functions.php on line 155
[05-Apr-2017 01:26:35 UTC] PHP Notice:  Trying to get property of non-object in /var/www/html/wordpress/wp-content/themes/h-code/lib/hcode-extra-functions.php on line 155
[05-Apr-2017 01:26:35 UTC] PHP Notice:  Trying to get property of non-object in /var/www/html/wordpress/wp-content/themes/h-code/lib/hcode-extra-functions.php on line 155
[05-Apr-2017 02:26:41 UTC] PHP Notice:  Undefined variable: thumbnail in /var/www/html/wordpress/wp-content/themes/h-code/inc/hcode-recent-post-widget.php on line 90
[05-Apr-2017 03:55:09 UTC] PHP Notice: This XML document is invalid, likely due to invalid characters. XML error: Undeclared entity error at line 11, column 24 in /var/www/html/wordpress/wp-includes/class-simplepie.php on line 1421
[05-Apr-2017 04:17:51 UTC] PHP Notice:  Undefined variable: thumbnail in /var/www/html/wordpress/wp-content/themes/h-code/inc/hcode-recent-post-widget.php on line 90
[05-Apr-2017 04:19:17 UTC] PHP Notice:  Undefined variable: thumbnail in /var/www/html/wordpress/wp-content/themes/h-code/inc/hcode-recent-post-widget.php on line 90
[05-Apr-2017 04:30:42 UTC] PHP Notice:  Undefined variable: thumbnail in /var/www/html/wordpress/wp-content/themes/h-code/inc/hcode-recent-post-widget.php on line 90
[05-Apr-2017 04:32:46 UTC] PHP Notice:  Undefined variable: thumbnail in /var/www/html/wordpress/wp-content/themes/h-code/inc/hcode-recent-post-widget.php on line 90
[05-Apr-2017 04:36:39 UTC] PHP Notice:  Undefined variable: thumbnail in /var/www/html/wordpress/wp-content/themes/h-code/inc/hcode-recent-post-widget.php on line 90
[05-Apr-2017 04:39:05 UTC] PHP Notice:  Undefined variable: thumbnail in /var/www/html/wordpress/wp-content/themes/h-code/inc/hcode-recent-post-widget.php on line 90
[05-Apr-2017 04:44:19 UTC] PHP Notice:  Undefined variable: thumbnail in /var/www/html/wordpress/wp-content/themes/h-code/inc/hcode-recent-post-widget.php on line 90
[05-Apr-2017 04:49:21 UTC] PHP Notice:  Undefined variable: thumbnail in /var/www/html/wordpress/wp-content/themes/h-code/inc/hcode-recent-post-widget.php on line 90
[05-Apr-2017 04:51:21 UTC] PHP Notice:  Undefined variable: thumbnail in /var/www/html/wordpress/wp-content/themes/h-code/inc/hcode-recent-post-widget.php on line 90
[05-Apr-2017 04:51:25 UTC] PHP Notice:  Undefined variable: thumbnail in /var/www/html/wordpress/wp-content/themes/h-code/inc/hcode-recent-post-widget.php on line 90
[05-Apr-2017 04:52:36 UTC] PHP Notice:  Undefined variable: thumbnail in /var/www/html/wordpress/wp-content/themes/h-code/inc/hcode-recent-post-widget.php on line 90
[05-Apr-2017 17:30:52 UTC] PHP Notice: This XML document is invalid, likely due to invalid characters. XML error: Undeclared entity error at line 11, column 24 in /var/www/html/wordpress/wp-includes/class-simplepie.php on line 1421
[05-Apr-2017 17:30:58 UTC] PHP Notice:  Undefined variable: thumbnail in /var/www/html/wordpress/wp-content/themes/h-code/inc/hcode-recent-post-widget.php on line 90
[05-Apr-2017 17:38:13 UTC] PHP Notice:  Undefined variable: thumbnail in /var/www/html/wordpress/wp-content/themes/h-code/inc/hcode-recent-post-widget.php on line 90
[05-Apr-2017 17:38:26 UTC] PHP Notice:  Undefined index: selected_icons in /var/www/html/wordpress/wp-content/plugins/easy-social-icons/easy-social-icons.php on line 1343
[05-Apr-2017 17:39:58 UTC] PHP Notice:  Undefined variable: thumbnail in /var/www/html/wordpress/wp-content/themes/h-code/inc/hcode-recent-post-widget.php on line 90
[05-Apr-2017 17:41:39 UTC] PHP Notice:  Undefined variable: thumbnail in /var/www/html/wordpress/wp-content/themes/h-code/inc/hcode-recent-post-widget.php on line 90
[05-Apr-2017 17:49:35 UTC] PHP Notice:  Undefined variable: thumbnail in /var/www/html/wordpress/wp-content/themes/h-code/inc/hcode-recent-post-widget.php on line 90
[05-Apr-2017 18:04:48 UTC] PHP Notice:  Undefined variable: thumbnail in /var/www/html/wordpress/wp-content/themes/h-code/inc/hcode-recent-post-widget.php on line 90
[05-Apr-2017 18:09:04 UTC] PHP Notice:  Undefined variable: thumbnail in /var/www/html/wordpress/wp-content/themes/h-code/inc/hcode-recent-post-widget.php on line 90
[05-Apr-2017 18:13:50 UTC] PHP Notice:  Undefined variable: thumbnail in /var/www/html/wordpress/wp-content/themes/h-code/inc/hcode-recent-post-widget.php on line 90
[05-Apr-2017 18:14:01 UTC] PHP Notice:  Undefined variable: thumbnail in /var/www/html/wordpress/wp-content/themes/h-code/inc/hcode-recent-post-widget.php on line 90
[05-Apr-2017 18:14:19 UTC] PHP Notice:  Undefined variable: thumbnail in /var/www/html/wordpress/wp-content/themes/h-code/inc/hcode-recent-post-widget.php on line 90
[05-Apr-2017 18:16:56 UTC] PHP Notice:  Undefined variable: thumbnail in /var/www/html/wordpress/wp-content/themes/h-code/inc/hcode-recent-post-widget.php on line 90
[05-Apr-2017 18:18:04 UTC] PHP Notice:  Undefined variable: thumbnail in /var/www/html/wordpress/wp-content/themes/h-code/inc/hcode-recent-post-widget.php on line 90
[05-Apr-2017 18:22:57 UTC] PHP Notice:  Undefined variable: thumbnail in /var/www/html/wordpress/wp-content/themes/h-code/inc/hcode-recent-post-widget.php on line 90
[05-Apr-2017 18:24:28 UTC] PHP Notice:  Undefined variable: thumbnail in /var/www/html/wordpress/wp-content/themes/h-code/inc/hcode-recent-post-widget.php on line 90
[05-Apr-2017 18:25:08 UTC] PHP Notice:  Undefined variable: thumbnail in /var/www/html/wordpress/wp-content/themes/h-code/inc/hcode-recent-post-widget.php on line 90
[05-Apr-2017 19:11:07 UTC] PHP Notice:  Trying to get property of non-object in /var/www/html/wordpress/wp-content/themes/h-code/lib/hcode-extra-functions.php on line 155
[05-Apr-2017 19:11:07 UTC] PHP Notice:  Trying to get property of non-object in /var/www/html/wordpress/wp-content/themes/h-code/lib/hcode-extra-functions.php on line 155
[05-Apr-2017 19:11:07 UTC] PHP Notice:  Trying to get property of non-object in /var/www/html/wordpress/wp-content/themes/h-code/lib/hcode-extra-functions.php on line 155
[05-Apr-2017 19:11:07 UTC] PHP Notice:  Trying to get property of non-object in /var/www/html/wordpress/wp-content/themes/h-code/lib/hcode-extra-functions.php on line 155
[05-Apr-2017 19:11:07 UTC] PHP Notice:  Trying to get property of non-object in /var/www/html/wordpress/wp-content/themes/h-code/lib/hcode-extra-functions.php on line 155
[05-Apr-2017 19:11:07 UTC] PHP Notice:  Trying to get property of non-object in /var/www/html/wordpress/wp-content/themes/h-code/lib/hcode-extra-functions.php on line 155
[05-Apr-2017 19:11:07 UTC] PHP Notice:  Trying to get property of non-object in /var/www/html/wordpress/wp-content/themes/h-code/lib/hcode-extra-functions.php on line 155
[05-Apr-2017 19:11:07 UTC] PHP Notice:  Trying to get property of non-object in /var/www/html/wordpress/wp-content/themes/h-code/lib/hcode-extra-functions.php on line 155
[05-Apr-2017 19:11:07 UTC] PHP Notice:  Trying to get property of non-object in /var/www/html/wordpress/wp-content/themes/h-code/lib/hcode-extra-functions.php on line 155
[05-Apr-2017 19:11:07 UTC] PHP Notice:  Trying to get property of non-object in /var/www/html/wordpress/wp-content/themes/h-code/lib/hcode-extra-functions.php on line 155
[05-Apr-2017 19:11:07 UTC] PHP Notice:  Trying to get property of non-object in /var/www/html/wordpress/wp-content/themes/h-code/lib/hcode-extra-functions.php on line 155
[05-Apr-2017 19:11:07 UTC] PHP Notice:  Trying to get property of non-object in /var/www/html/wordpress/wp-content/themes/h-code/lib/hcode-extra-functions.php on line 155
[05-Apr-2017 19:11:07 UTC] PHP Notice:  Trying to get property of non-object in /var/www/html/wordpress/wp-content/themes/h-code/lib/hcode-extra-functions.php on line 155
[05-Apr-2017 19:11:07 UTC] PHP Notice:  Trying to get property of non-object in /var/www/html/wordpress/wp-content/themes/h-code/lib/hcode-extra-functions.php on line 155
[05-Apr-2017 19:11:08 UTC] PHP Notice:  Trying to get property of non-object in /var/www/html/wordpress/wp-content/themes/h-code/lib/hcode-extra-functions.php on line 155
[05-Apr-2017 19:11:08 UTC] PHP Notice:  Trying to get property of non-object in /var/www/html/wordpress/wp-content/themes/h-code/lib/hcode-extra-functions.php on line 155
[05-Apr-2017 19:11:08 UTC] PHP Notice:  Trying to get property of non-object in /var/www/html/wordpress/wp-content/themes/h-code/lib/hcode-extra-functions.php on line 155
[05-Apr-2017 19:11:08 UTC] PHP Notice:  Trying to get property of non-object in /var/www/html/wordpress/wp-content/themes/h-code/lib/hcode-extra-functions.php on line 155
[05-Apr-2017 19:11:08 UTC] PHP Notice:  Trying to get property of non-object in /var/www/html/wordpress/wp-content/themes/h-code/lib/hcode-extra-functions.php on line 155
[05-Apr-2017 19:11:08 UTC] PHP Notice:  Trying to get property of non-object in /var/www/html/wordpress/wp-content/themes/h-code/lib/hcode-extra-functions.php on line 155
[05-Apr-2017 19:11:08 UTC] PHP Notice:  Trying to get property of non-object in /var/www/html/wordpress/wp-content/themes/h-code/lib/hcode-extra-functions.php on line 155
[05-Apr-2017 19:11:08 UTC] PHP Notice:  Trying to get property of non-object in /var/www/html/wordpress/wp-content/themes/h-code/lib/hcode-extra-functions.php on line 155
[05-Apr-2017 19:11:08 UTC] PHP Notice:  Trying to get property of non-object in /var/www/html/wordpress/wp-content/themes/h-code/lib/hcode-extra-functions.php on line 155
[05-Apr-2017 19:11:08 UTC] PHP Notice:  Trying to get property of non-object in /var/www/html/wordpress/wp-content/themes/h-code/lib/hcode-extra-functions.php on line 155
[05-Apr-2017 19:11:08 UTC] PHP Notice:  Trying to get property of non-object in /var/www/html/wordpress/wp-content/themes/h-code/lib/hcode-extra-functions.php on line 155
[05-Apr-2017 19:11:08 UTC] PHP Notice:  Trying to get property of non-object in /var/www/html/wordpress/wp-content/themes/h-code/lib/hcode-extra-functions.php on line 155
[05-Apr-2017 19:11:08 UTC] PHP Notice:  Trying to get property of non-object in /var/www/html/wordpress/wp-content/themes/h-code/lib/hcode-extra-functions.php on line 155
[05-Apr-2017 19:11:13 UTC] PHP Notice:  Trying to get property of non-object in /var/www/html/wordpress/wp-content/themes/h-code/lib/hcode-extra-functions.php on line 155
[05-Apr-2017 19:11:13 UTC] PHP Notice:  Trying to get property of non-object in /var/www/html/wordpress/wp-content/themes/h-code/lib/hcode-extra-functions.php on line 155
[05-Apr-2017 19:11:13 UTC] PHP Notice:  Trying to get property of non-object in /var/www/html/wordpress/wp-content/themes/h-code/lib/hcode-extra-functions.php on line 155
[05-Apr-2017 19:11:13 UTC] PHP Notice:  Trying to get property of non-object in /var/www/html/wordpress/wp-content/themes/h-code/lib/hcode-extra-functions.php on line 155
[05-Apr-2017 19:11:13 UTC] PHP Notice:  Trying to get property of non-object in /var/www/html/wordpress/wp-content/themes/h-code/lib/hcode-extra-functions.php on line 155
[05-Apr-2017 19:11:13 UTC] PHP Notice:  Trying to get property of non-object in /var/www/html/wordpress/wp-content/themes/h-code/lib/hcode-extra-functions.php on line 155
[05-Apr-2017 19:11:13 UTC] PHP Notice:  Trying to get property of non-object in /var/www/html/wordpress/wp-content/themes/h-code/lib/hcode-extra-functions.php on line 155
[05-Apr-2017 19:11:13 UTC] PHP Notice:  Trying to get property of non-object in /var/www/html/wordpress/wp-content/themes/h-code/lib/hcode-extra-functions.php on line 155
[05-Apr-2017 19:11:13 UTC] PHP Notice:  Trying to get property of non-object in /var/www/html/wordpress/wp-content/themes/h-code/lib/hcode-extra-functions.php on line 155
[05-Apr-2017 19:11:13 UTC] PHP Notice:  Trying to get property of non-object in /var/www/html/wordpress/wp-content/themes/h-code/lib/hcode-extra-functions.php on line 155
[05-Apr-2017 19:11:13 UTC] PHP Notice:  Trying to get property of non-object in /var/www/html/wordpress/wp-content/themes/h-code/lib/hcode-extra-functions.php on line 155
[05-Apr-2017 19:11:13 UTC] PHP Notice:  Trying to get property of non-object in /var/www/html/wordpress/wp-content/themes/h-code/lib/hcode-extra-functions.php on line 155
[05-Apr-2017 19:11:13 UTC] PHP Notice:  Trying to get property of non-object in /var/www/html/wordpress/wp-content/themes/h-code/lib/hcode-extra-functions.php on line 155
[05-Apr-2017 19:11:13 UTC] PHP Notice:  Trying to get property of non-object in /var/www/html/wordpress/wp-content/themes/h-code/lib/hcode-extra-functions.php on line 155
[05-Apr-2017 19:11:13 UTC] PHP Notice:  Trying to get property of non-object in /var/www/html/wordpress/wp-content/themes/h-code/lib/hcode-extra-functions.php on line 155
[05-Apr-2017 19:11:13 UTC] PHP Notice:  Trying to get property of non-object in /var/www/html/wordpress/wp-content/themes/h-code/lib/hcode-extra-functions.php on line 155
[05-Apr-2017 19:11:13 UTC] PHP Notice:  Trying to get property of non-object in /var/www/html/wordpress/wp-content/themes/h-code/lib/hcode-extra-functions.php on line 155
[05-Apr-2017 19:11:13 UTC] PHP Notice:  Trying to get property of non-object in /var/www/html/wordpress/wp-content/themes/h-code/lib/hcode-extra-functions.php on line 155
[05-Apr-2017 19:11:13 UTC] PHP Notice:  Trying to get property of non-object in /var/www/html/wordpress/wp-content/themes/h-code/lib/hcode-extra-functions.php on line 155
[05-Apr-2017 19:11:13 UTC] PHP Notice:  Trying to get property of non-object in /var/www/html/wordpress/wp-content/themes/h-code/lib/hcode-extra-functions.php on line 155
[05-Apr-2017 19:11:13 UTC] PHP Notice:  Trying to get property of non-object in /var/www/html/wordpress/wp-content/themes/h-code/lib/hcode-extra-functions.php on line 155
[05-Apr-2017 19:11:13 UTC] PHP Notice:  Trying to get property of non-object in /var/www/html/wordpress/wp-content/themes/h-code/lib/hcode-extra-functions.php on line 155
[05-Apr-2017 19:11:13 UTC] PHP Notice:  Trying to get property of non-object in /var/www/html/wordpress/wp-content/themes/h-code/lib/hcode-extra-functions.php on line 155
[05-Apr-2017 19:11:13 UTC] PHP Notice:  Trying to get property of non-object in /var/www/html/wordpress/wp-content/themes/h-code/lib/hcode-extra-functions.php on line 155
[05-Apr-2017 19:11:13 UTC] PHP Notice:  Trying to get property of non-object in /var/www/html/wordpress/wp-content/themes/h-code/lib/hcode-extra-functions.php on line 155
[05-Apr-2017 19:11:13 UTC] PHP Notice:  Trying to get property of non-object in /var/www/html/wordpress/wp-content/themes/h-code/lib/hcode-extra-functions.php on line 155
[05-Apr-2017 19:11:13 UTC] PHP Notice:  Trying to get property of non-object in /var/www/html/wordpress/wp-content/themes/h-code/lib/hcode-extra-functions.php on line 155
[05-Apr-2017 19:11:44 UTC] PHP Notice:  Trying to get property of non-object in /var/www/html/wordpress/wp-content/themes/h-code/lib/hcode-extra-functions.php on line 155
[05-Apr-2017 19:11:44 UTC] PHP Notice:  Trying to get property of non-object in /var/www/html/wordpress/wp-content/themes/h-code/lib/hcode-extra-functions.php on line 155
[05-Apr-2017 19:11:44 UTC] PHP Notice:  Trying to get property of non-object in /var/www/html/wordpress/wp-content/themes/h-code/lib/hcode-extra-functions.php on line 155
[05-Apr-2017 19:11:44 UTC] PHP Notice:  Trying to get property of non-object in /var/www/html/wordpress/wp-content/themes/h-code/lib/hcode-extra-functions.php on line 155
[05-Apr-2017 19:11:44 UTC] PHP Notice:  Trying to get property of non-object in /var/www/html/wordpress/wp-content/themes/h-code/lib/hcode-extra-functions.php on line 155
[05-Apr-2017 19:11:44 UTC] PHP Notice:  Trying to get property of non-object in /var/www/html/wordpress/wp-content/themes/h-code/lib/hcode-extra-functions.php on line 155
[05-Apr-2017 19:11:44 UTC] PHP Notice:  Trying to get property of non-object in /var/www/html/wordpress/wp-content/themes/h-code/lib/hcode-extra-functions.php on line 155
[05-Apr-2017 19:11:44 UTC] PHP Notice:  Trying to get property of non-object in /var/www/html/wordpress/wp-content/themes/h-code/lib/hcode-extra-functions.php on line 155
[05-Apr-2017 19:11:44 UTC] PHP Notice:  Trying to get property of non-object in /var/www/html/wordpress/wp-content/themes/h-code/lib/hcode-extra-functions.php on line 155
[05-Apr-2017 19:11:44 UTC] PHP Notice:  Trying to get property of non-object in /var/www/html/wordpress/wp-content/themes/h-code/lib/hcode-extra-functions.php on line 155
[05-Apr-2017 19:11:44 UTC] PHP Notice:  Trying to get property of non-object in /var/www/html/wordpress/wp-content/themes/h-code/lib/hcode-extra-functions.php on line 155
[05-Apr-2017 19:11:44 UTC] PHP Notice:  Trying to get property of non-object in /var/www/html/wordpress/wp-content/themes/h-code/lib/hcode-extra-functions.php on line 155
[05-Apr-2017 19:11:44 UTC] PHP Notice:  Trying to get property of non-object in /var/www/html/wordpress/wp-content/themes/h-code/lib/hcode-extra-functions.php on line 155
[05-Apr-2017 19:11:44 UTC] PHP Notice:  Trying to get property of non-object in /var/www/html/wordpress/wp-content/themes/h-code/lib/hcode-extra-functions.php on line 155
[05-Apr-2017 19:11:44 UTC] PHP Notice:  Trying to get property of non-object in /var/www/html/wordpress/wp-content/themes/h-code/lib/hcode-extra-functions.php on line 155
[05-Apr-2017 19:11:44 UTC] PHP Notice:  Trying to get property of non-object in /var/www/html/wordpress/wp-content/themes/h-code/lib/hcode-extra-functions.php on line 155
[05-Apr-2017 19:11:44 UTC] PHP Notice:  Trying to get property of non-object in /var/www/html/wordpress/wp-content/themes/h-code/lib/hcode-extra-functions.php on line 155
[05-Apr-2017 19:11:44 UTC] PHP Notice:  Trying to get property of non-object in /var/www/html/wordpress/wp-content/themes/h-code/lib/hcode-extra-functions.php on line 155
[05-Apr-2017 19:11:44 UTC] PHP Notice:  Trying to get property of non-object in /var/www/html/wordpress/wp-content/themes/h-code/lib/hcode-extra-functions.php on line 155
[05-Apr-2017 19:11:44 UTC] PHP Notice:  Trying to get property of non-object in /var/www/html/wordpress/wp-content/themes/h-code/lib/hcode-extra-functions.php on line 155
[05-Apr-2017 19:11:44 UTC] PHP Notice:  Trying to get property of non-object in /var/www/html/wordpress/wp-content/themes/h-code/lib/hcode-extra-functions.php on line 155
[05-Apr-2017 19:11:44 UTC] PHP Notice:  Trying to get property of non-object in /var/www/html/wordpress/wp-content/themes/h-code/lib/hcode-extra-functions.php on line 155
[05-Apr-2017 19:11:44 UTC] PHP Notice:  Trying to get property of non-object in /var/www/html/wordpress/wp-content/themes/h-code/lib/hcode-extra-functions.php on line 155
[05-Apr-2017 19:11:44 UTC] PHP Notice:  Trying to get property of non-object in /var/www/html/wordpress/wp-content/themes/h-code/lib/hcode-extra-functions.php on line 155
[05-Apr-2017 19:11:45 UTC] PHP Notice:  Trying to get property of non-object in /var/www/html/wordpress/wp-content/themes/h-code/lib/hcode-extra-functions.php on line 155
[05-Apr-2017 19:11:45 UTC] PHP Notice:  Trying to get property of non-object in /var/www/html/wordpress/wp-content/themes/h-code/lib/hcode-extra-functions.php on line 155
[05-Apr-2017 19:11:45 UTC] PHP Notice:  Trying to get property of non-object in /var/www/html/wordpress/wp-content/themes/h-code/lib/hcode-extra-functions.php on line 155
[05-Apr-2017 19:11:46 UTC] PHP Notice:  Trying to get property of non-object in /var/www/html/wordpress/wp-content/themes/h-code/lib/hcode-extra-functions.php on line 155
[05-Apr-2017 19:11:46 UTC] PHP Notice:  Trying to get property of non-object in /var/www/html/wordpress/wp-content/themes/h-code/lib/hcode-extra-functions.php on line 155
[05-Apr-2017 19:11:46 UTC] PHP Notice:  Trying to get property of non-object in /var/www/html/wordpress/wp-content/themes/h-code/lib/hcode-extra-functions.php on line 155
[05-Apr-2017 19:11:46 UTC] PHP Notice:  Trying to get property of non-object in /var/www/html/wordpress/wp-content/themes/h-code/lib/hcode-extra-functions.php on line 155
[05-Apr-2017 19:11:46 UTC] PHP Notice:  Trying to get property of non-object in /var/www/html/wordpress/wp-content/themes/h-code/lib/hcode-extra-functions.php on line 155
[05-Apr-2017 19:11:46 UTC] PHP Notice:  Trying to get property of non-object in /var/www/html/wordpress/wp-content/themes/h-code/lib/hcode-extra-functions.php on line 155
[05-Apr-2017 19:11:46 UTC] PHP Notice:  Trying to get property of non-object in /var/www/html/wordpress/wp-content/themes/h-code/lib/hcode-extra-functions.php on line 155
[05-Apr-2017 19:11:46 UTC] PHP Notice:  Trying to get property of non-object in /var/www/html/wordpress/wp-content/themes/h-code/lib/hcode-extra-functions.php on line 155
[05-Apr-2017 19:11:46 UTC] PHP Notice:  Trying to get property of non-object in /var/www/html/wordpress/wp-content/themes/h-code/lib/hcode-extra-functions.php on line 155
[05-Apr-2017 19:11:46 UTC] PHP Notice:  Trying to get property of non-object in /var/www/html/wordpress/wp-content/themes/h-code/lib/hcode-extra-functions.php on line 155
[05-Apr-2017 19:11:46 UTC] PHP Notice:  Trying to get property of non-object in /var/www/html/wordpress/wp-content/themes/h-code/lib/hcode-extra-functions.php on line 155
[05-Apr-2017 19:11:47 UTC] PHP Notice:  Trying to get property of non-object in /var/www/html/wordpress/wp-content/themes/h-code/lib/hcode-extra-functions.php on line 155
[05-Apr-2017 19:11:47 UTC] PHP Notice:  Trying to get property of non-object in /var/www/html/wordpress/wp-content/themes/h-code/lib/hcode-extra-functions.php on line 155
[05-Apr-2017 19:11:47 UTC] PHP Notice:  Trying to get property of non-object in /var/www/html/wordpress/wp-content/themes/h-code/lib/hcode-extra-functions.php on line 155
[05-Apr-2017 19:11:47 UTC] PHP Notice:  Trying to get property of non-object in /var/www/html/wordpress/wp-content/themes/h-code/lib/hcode-extra-functions.php on line 155
[05-Apr-2017 19:11:47 UTC] PHP Notice:  Trying to get property of non-object in /var/www/html/wordpress/wp-content/themes/h-code/lib/hcode-extra-functions.php on line 155
[05-Apr-2017 19:11:47 UTC] PHP Notice:  Trying to get property of non-object in /var/www/html/wordpress/wp-content/themes/h-code/lib/hcode-extra-functions.php on line 155
[05-Apr-2017 19:11:47 UTC] PHP Notice:  Trying to get property of non-object in /var/www/html/wordpress/wp-content/themes/h-code/lib/hcode-extra-functions.php on line 155
[05-Apr-2017 19:11:47 UTC] PHP Notice:  Trying to get property of non-object in /var/www/html/wordpress/wp-content/themes/h-code/lib/hcode-extra-functions.php on line 155
[05-Apr-2017 19:11:47 UTC] PHP Notice:  Trying to get property of non-object in /var/www/html/wordpress/wp-content/themes/h-code/lib/hcode-extra-functions.php on line 155
[05-Apr-2017 19:11:47 UTC] PHP Notice:  Trying to get property of non-object in /var/www/html/wordpress/wp-content/themes/h-code/lib/hcode-extra-functions.php on line 155
[05-Apr-2017 19:11:47 UTC] PHP Notice:  Trying to get property of non-object in /var/www/html/wordpress/wp-content/themes/h-code/lib/hcode-extra-functions.php on line 155
[05-Apr-2017 19:11:47 UTC] PHP Notice:  Trying to get property of non-object in /var/www/html/wordpress/wp-content/themes/h-code/lib/hcode-extra-functions.php on line 155
[05-Apr-2017 19:11:47 UTC] PHP Notice:  Trying to get property of non-object in /var/www/html/wordpress/wp-content/themes/h-code/lib/hcode-extra-functions.php on line 155
[05-Apr-2017 19:11:47 UTC] PHP Notice:  Trying to get property of non-object in /var/www/html/wordpress/wp-content/themes/h-code/lib/hcode-extra-functions.php on line 155
[05-Apr-2017 19:11:47 UTC] PHP Notice:  Trying to get property of non-object in /var/www/html/wordpress/wp-content/themes/h-code/lib/hcode-extra-functions.php on line 155
[05-Apr-2017 19:11:47 UTC] PHP Notice:  Trying to get property of non-object in /var/www/html/wordpress/wp-content/themes/h-code/lib/hcode-extra-functions.php on line 155
[05-Apr-2017 19:11:50 UTC] PHP Notice: This XML document is invalid, likely due to invalid characters. XML error: Undeclared entity error at line 11, column 24 in /var/www/html/wordpress/wp-includes/class-simplepie.php on line 1421
[05-Apr-2017 19:17:06 UTC] PHP Notice:  Trying to get property of non-object in /var/www/html/wordpress/wp-content/themes/h-code/lib/hcode-extra-functions.php on line 155
[05-Apr-2017 22:01:53 UTC] PHP Notice:  Trying to get property of non-object in /var/www/html/wordpress/wp-content/themes/h-code/lib/hcode-extra-functions.php on line 155
[05-Apr-2017 22:02:21 UTC] PHP Notice:  Trying to get property of non-object in /var/www/html/wordpress/wp-content/themes/h-code/lib/hcode-extra-functions.php on line 155
[05-Apr-2017 22:02:21 UTC] PHP Notice:  Trying to get property of non-object in /var/www/html/wordpress/wp-content/themes/h-code/lib/hcode-extra-functions.php on line 155
[05-Apr-2017 22:02:21 UTC] PHP Notice:  Trying to get property of non-object in /var/www/html/wordpress/wp-content/themes/h-code/lib/hcode-extra-functions.php on line 155
[05-Apr-2017 22:02:21 UTC] PHP Notice:  Trying to get property of non-object in /var/www/html/wordpress/wp-content/themes/h-code/lib/hcode-extra-functions.php on line 155
[05-Apr-2017 22:02:21 UTC] PHP Notice:  Trying to get property of non-object in /var/www/html/wordpress/wp-content/themes/h-code/lib/hcode-extra-functions.php on line 155
[05-Apr-2017 22:02:21 UTC] PHP Notice:  Trying to get property of non-object in /var/www/html/wordpress/wp-content/themes/h-code/lib/hcode-extra-functions.php on line 155
[05-Apr-2017 22:02:21 UTC] PHP Notice:  Trying to get property of non-object in /var/www/html/wordpress/wp-content/themes/h-code/lib/hcode-extra-functions.php on line 155
[05-Apr-2017 22:02:21 UTC] PHP Notice:  Trying to get property of non-object in /var/www/html/wordpress/wp-content/themes/h-code/lib/hcode-extra-functions.php on line 155
[05-Apr-2017 22:06:39 UTC] PHP Notice:  Trying to get property of non-object in /var/www/html/wordpress/wp-content/themes/h-code/lib/hcode-extra-functions.php on line 155
[05-Apr-2017 22:07:03 UTC] PHP Notice:  Trying to get property of non-object in /var/www/html/wordpress/wp-content/themes/h-code/lib/hcode-extra-functions.php on line 155
[05-Apr-2017 22:07:58 UTC] PHP Notice:  Trying to get property of non-object in /var/www/html/wordpress/wp-content/themes/h-code/lib/hcode-extra-functions.php on line 155
[05-Apr-2017 22:09:33 UTC] PHP Notice:  Trying to get property of non-object in /var/www/html/wordpress/wp-content/themes/h-code/lib/hcode-extra-functions.php on line 155
[05-Apr-2017 22:13:24 UTC] PHP Notice:  Trying to get property of non-object in /var/www/html/wordpress/wp-content/themes/h-code/lib/hcode-extra-functions.php on line 155
[05-Apr-2017 22:13:24 UTC] PHP Notice:  Trying to get property of non-object in /var/www/html/wordpress/wp-content/themes/h-code/lib/hcode-extra-functions.php on line 155
[05-Apr-2017 22:13:24 UTC] PHP Notice:  Trying to get property of non-object in /var/www/html/wordpress/wp-content/themes/h-code/lib/hcode-extra-functions.php on line 155
[05-Apr-2017 22:13:24 UTC] PHP Notice:  Trying to get property of non-object in /var/www/html/wordpress/wp-content/themes/h-code/lib/hcode-extra-functions.php on line 155
[05-Apr-2017 22:13:24 UTC] PHP Notice:  Trying to get property of non-object in /var/www/html/wordpress/wp-content/themes/h-code/lib/hcode-extra-functions.php on line 155
[05-Apr-2017 22:13:24 UTC] PHP Notice:  Trying to get property of non-object in /var/www/html/wordpress/wp-content/themes/h-code/lib/hcode-extra-functions.php on line 155
[05-Apr-2017 22:13:24 UTC] PHP Notice:  Trying to get property of non-object in /var/www/html/wordpress/wp-content/themes/h-code/lib/hcode-extra-functions.php on line 155
[05-Apr-2017 22:13:33 UTC] PHP Notice:  Trying to get property of non-object in /var/www/html/wordpress/wp-content/themes/h-code/lib/hcode-extra-functions.php on line 155
[05-Apr-2017 22:13:33 UTC] PHP Notice:  Trying to get property of non-object in /var/www/html/wordpress/wp-content/themes/h-code/lib/hcode-extra-functions.php on line 155
[05-Apr-2017 22:13:33 UTC] PHP Notice:  Trying to get property of non-object in /var/www/html/wordpress/wp-content/themes/h-code/lib/hcode-extra-functions.php on line 155
[05-Apr-2017 22:13:33 UTC] PHP Notice:  Trying to get property of non-object in /var/www/html/wordpress/wp-content/themes/h-code/lib/hcode-extra-functions.php on line 155
[05-Apr-2017 22:13:33 UTC] PHP Notice:  Trying to get property of non-object in /var/www/html/wordpress/wp-content/themes/h-code/lib/hcode-extra-functions.php on line 155
[05-Apr-2017 22:13:33 UTC] PHP Notice:  Trying to get property of non-object in /var/www/html/wordpress/wp-content/themes/h-code/lib/hcode-extra-functions.php on line 155
[05-Apr-2017 22:13:33 UTC] PHP Notice:  Trying to get property of non-object in /var/www/html/wordpress/wp-content/themes/h-code/lib/hcode-extra-functions.php on line 155
[05-Apr-2017 22:13:33 UTC] PHP Notice:  Trying to get property of non-object in /var/www/html/wordpress/wp-content/themes/h-code/lib/hcode-extra-functions.php on line 155
[05-Apr-2017 22:13:33 UTC] PHP Notice:  Trying to get property of non-object in /var/www/html/wordpress/wp-content/themes/h-code/lib/hcode-extra-functions.php on line 155
[05-Apr-2017 22:13:45 UTC] PHP Warning:  explode() expects parameter 2 to be string, array given in /var/www/html/wordpress/wp-content/plugins/hcode-addons/hcode-shortcodes/extend-composer/hcode-multiple-select-option.php on line 13
[05-Apr-2017 22:13:45 UTC] PHP Warning:  Invalid argument supplied for foreach() in /var/www/html/wordpress/wp-content/plugins/hcode-addons/hcode-shortcodes/extend-composer/hcode-multiple-select-option.php on line 15
[05-Apr-2017 22:13:45 UTC] PHP Warning:  in_array() expects parameter 2 to be array, null given in /var/www/html/wordpress/wp-content/plugins/hcode-addons/hcode-shortcodes/extend-composer/hcode-multiple-select-option.php on line 36
[05-Apr-2017 22:13:45 UTC] PHP Warning:  in_array() expects parameter 2 to be array, null given in /var/www/html/wordpress/wp-content/plugins/hcode-addons/hcode-shortcodes/extend-composer/hcode-multiple-select-option.php on line 36
[05-Apr-2017 22:13:45 UTC] PHP Warning:  in_array() expects parameter 2 to be array, null given in /var/www/html/wordpress/wp-content/plugins/hcode-addons/hcode-shortcodes/extend-composer/hcode-multiple-select-option.php on line 36
[05-Apr-2017 22:13:45 UTC] PHP Warning:  in_array() expects parameter 2 to be array, null given in /var/www/html/wordpress/wp-content/plugins/hcode-addons/hcode-shortcodes/extend-composer/hcode-multiple-select-option.php on line 36
[05-Apr-2017 22:13:45 UTC] PHP Warning:  in_array() expects parameter 2 to be array, null given in /var/www/html/wordpress/wp-content/plugins/hcode-addons/hcode-shortcodes/extend-composer/hcode-multiple-select-option.php on line 36
[05-Apr-2017 22:13:45 UTC] PHP Warning:  in_array() expects parameter 2 to be array, null given in /var/www/html/wordpress/wp-content/plugins/hcode-addons/hcode-shortcodes/extend-composer/hcode-multiple-select-option.php on line 36
[05-Apr-2017 22:13:45 UTC] PHP Warning:  in_array() expects parameter 2 to be array, null given in /var/www/html/wordpress/wp-content/plugins/hcode-addons/hcode-shortcodes/extend-composer/hcode-multiple-select-option.php on line 36
[05-Apr-2017 22:13:45 UTC] PHP Warning:  in_array() expects parameter 2 to be array, null given in /var/www/html/wordpress/wp-content/plugins/hcode-addons/hcode-shortcodes/extend-composer/hcode-multiple-select-option.php on line 36
[05-Apr-2017 22:13:45 UTC] PHP Warning:  in_array() expects parameter 2 to be array, null given in /var/www/html/wordpress/wp-content/plugins/hcode-addons/hcode-shortcodes/extend-composer/hcode-multiple-select-option.php on line 36
[05-Apr-2017 22:13:45 UTC] PHP Warning:  in_array() expects parameter 2 to be array, null given in /var/www/html/wordpress/wp-content/plugins/hcode-addons/hcode-shortcodes/extend-composer/hcode-multiple-select-option.php on line 36
[05-Apr-2017 22:13:45 UTC] PHP Warning:  in_array() expects parameter 2 to be array, null given in /var/www/html/wordpress/wp-content/plugins/hcode-addons/hcode-shortcodes/extend-composer/hcode-multiple-select-option.php on line 36
[05-Apr-2017 22:14:12 UTC] PHP Notice:  Trying to get property of non-object in /var/www/html/wordpress/wp-content/themes/h-code/lib/hcode-extra-functions.php on line 155
[05-Apr-2017 22:14:12 UTC] PHP Notice:  Trying to get property of non-object in /var/www/html/wordpress/wp-content/themes/h-code/lib/hcode-extra-functions.php on line 155
[05-Apr-2017 22:14:12 UTC] PHP Notice:  Trying to get property of non-object in /var/www/html/wordpress/wp-content/themes/h-code/lib/hcode-extra-functions.php on line 155
[05-Apr-2017 22:14:12 UTC] PHP Notice:  Trying to get property of non-object in /var/www/html/wordpress/wp-content/themes/h-code/lib/hcode-extra-functions.php on line 155
[05-Apr-2017 22:14:12 UTC] PHP Notice:  Trying to get property of non-object in /var/www/html/wordpress/wp-content/themes/h-code/lib/hcode-extra-functions.php on line 155
[05-Apr-2017 22:14:12 UTC] PHP Notice:  Trying to get property of non-object in /var/www/html/wordpress/wp-content/themes/h-code/lib/hcode-extra-functions.php on line 155
[05-Apr-2017 22:14:12 UTC] PHP Notice:  Trying to get property of non-object in /var/www/html/wordpress/wp-content/themes/h-code/lib/hcode-extra-functions.php on line 155
[05-Apr-2017 22:14:38 UTC] PHP Notice:  Trying to get property of non-object in /var/www/html/wordpress/wp-content/themes/h-code/lib/hcode-extra-functions.php on line 155
[05-Apr-2017 22:14:38 UTC] PHP Notice:  Trying to get property of non-object in /var/www/html/wordpress/wp-content/themes/h-code/lib/hcode-extra-functions.php on line 155
[05-Apr-2017 22:14:38 UTC] PHP Notice:  Trying to get property of non-object in /var/www/html/wordpress/wp-content/themes/h-code/lib/hcode-extra-functions.php on line 155
[05-Apr-2017 22:14:38 UTC] PHP Notice:  Trying to get property of non-object in /var/www/html/wordpress/wp-content/themes/h-code/lib/hcode-extra-functions.php on line 155
[05-Apr-2017 22:14:38 UTC] PHP Notice:  Trying to get property of non-object in /var/www/html/wordpress/wp-content/themes/h-code/lib/hcode-extra-functions.php on line 155
[05-Apr-2017 22:14:38 UTC] PHP Notice:  Trying to get property of non-object in /var/www/html/wordpress/wp-content/themes/h-code/lib/hcode-extra-functions.php on line 155
[05-Apr-2017 22:14:38 UTC] PHP Notice:  Trying to get property of non-object in /var/www/html/wordpress/wp-content/themes/h-code/lib/hcode-extra-functions.php on line 155
[05-Apr-2017 22:14:38 UTC] PHP Notice:  Trying to get property of non-object in /var/www/html/wordpress/wp-content/themes/h-code/lib/hcode-extra-functions.php on line 155
[05-Apr-2017 22:14:38 UTC] PHP Notice:  Trying to get property of non-object in /var/www/html/wordpress/wp-content/themes/h-code/lib/hcode-extra-functions.php on line 155
[05-Apr-2017 22:14:38 UTC] PHP Notice:  Trying to get property of non-object in /var/www/html/wordpress/wp-content/themes/h-code/lib/hcode-extra-functions.php on line 155
[05-Apr-2017 22:14:43 UTC] PHP Notice:  Trying to get property of non-object in /var/www/html/wordpress/wp-content/themes/h-code/lib/hcode-extra-functions.php on line 155
[05-Apr-2017 22:14:43 UTC] PHP Notice:  Trying to get property of non-object in /var/www/html/wordpress/wp-content/themes/h-code/lib/hcode-extra-functions.php on line 155
[05-Apr-2017 22:14:43 UTC] PHP Notice:  Trying to get property of non-object in /var/www/html/wordpress/wp-content/themes/h-code/lib/hcode-extra-functions.php on line 155
[05-Apr-2017 22:14:43 UTC] PHP Notice:  Trying to get property of non-object in /var/www/html/wordpress/wp-content/themes/h-code/lib/hcode-extra-functions.php on line 155
[05-Apr-2017 22:14:43 UTC] PHP Notice:  Trying to get property of non-object in /var/www/html/wordpress/wp-content/themes/h-code/lib/hcode-extra-functions.php on line 155
[05-Apr-2017 22:14:43 UTC] PHP Notice:  Trying to get property of non-object in /var/www/html/wordpress/wp-content/themes/h-code/lib/hcode-extra-functions.php on line 155
[05-Apr-2017 22:14:43 UTC] PHP Notice:  Trying to get property of non-object in /var/www/html/wordpress/wp-content/themes/h-code/lib/hcode-extra-functions.php on line 155
[05-Apr-2017 22:14:45 UTC] PHP Notice:  Trying to get property of non-object in /var/www/html/wordpress/wp-content/themes/h-code/lib/hcode-extra-functions.php on line 155
[05-Apr-2017 22:14:45 UTC] PHP Notice:  Trying to get property of non-object in /var/www/html/wordpress/wp-content/themes/h-code/lib/hcode-extra-functions.php on line 155
[05-Apr-2017 22:14:45 UTC] PHP Notice:  Trying to get property of non-object in /var/www/html/wordpress/wp-content/themes/h-code/lib/hcode-extra-functions.php on line 155
[05-Apr-2017 22:14:45 UTC] PHP Notice:  Trying to get property of non-object in /var/www/html/wordpress/wp-content/themes/h-code/lib/hcode-extra-functions.php on line 155
[05-Apr-2017 22:14:45 UTC] PHP Notice:  Trying to get property of non-object in /var/www/html/wordpress/wp-content/themes/h-code/lib/hcode-extra-functions.php on line 155
[05-Apr-2017 22:14:45 UTC] PHP Notice:  Trying to get property of non-object in /var/www/html/wordpress/wp-content/themes/h-code/lib/hcode-extra-functions.php on line 155
[05-Apr-2017 22:14:45 UTC] PHP Notice:  Trying to get property of non-object in /var/www/html/wordpress/wp-content/themes/h-code/lib/hcode-extra-functions.php on line 155
[05-Apr-2017 22:15:28 UTC] PHP Notice:  Trying to get property of non-object in /var/www/html/wordpress/wp-content/themes/h-code/lib/hcode-extra-functions.php on line 155
[05-Apr-2017 22:15:28 UTC] PHP Notice:  Trying to get property of non-object in /var/www/html/wordpress/wp-content/themes/h-code/lib/hcode-extra-functions.php on line 155
[05-Apr-2017 22:15:28 UTC] PHP Notice:  Trying to get property of non-object in /var/www/html/wordpress/wp-content/themes/h-code/lib/hcode-extra-functions.php on line 155
[05-Apr-2017 22:15:28 UTC] PHP Notice:  Trying to get property of non-object in /var/www/html/wordpress/wp-content/themes/h-code/lib/hcode-extra-functions.php on line 155
[05-Apr-2017 22:15:28 UTC] PHP Notice:  Trying to get property of non-object in /var/www/html/wordpress/wp-content/themes/h-code/lib/hcode-extra-functions.php on line 155
[05-Apr-2017 22:15:28 UTC] PHP Notice:  Trying to get property of non-object in /var/www/html/wordpress/wp-content/themes/h-code/lib/hcode-extra-functions.php on line 155
[05-Apr-2017 22:15:28 UTC] PHP Notice:  Trying to get property of non-object in /var/www/html/wordpress/wp-content/themes/h-code/lib/hcode-extra-functions.php on line 155
[05-Apr-2017 22:15:28 UTC] PHP Notice:  Trying to get property of non-object in /var/www/html/wordpress/wp-content/themes/h-code/lib/hcode-extra-functions.php on line 155
[05-Apr-2017 22:15:28 UTC] PHP Notice:  Trying to get property of non-object in /var/www/html/wordpress/wp-content/themes/h-code/lib/hcode-extra-functions.php on line 155
[05-Apr-2017 22:15:28 UTC] PHP Notice:  Trying to get property of non-object in /var/www/html/wordpress/wp-content/themes/h-code/lib/hcode-extra-functions.php on line 155
[05-Apr-2017 22:16:03 UTC] PHP Warning:  explode() expects parameter 2 to be string, array given in /var/www/html/wordpress/wp-content/plugins/hcode-addons/hcode-shortcodes/extend-composer/hcode-multiple-select-option.php on line 13
[05-Apr-2017 22:16:03 UTC] PHP Warning:  Invalid argument supplied for foreach() in /var/www/html/wordpress/wp-content/plugins/hcode-addons/hcode-shortcodes/extend-composer/hcode-multiple-select-option.php on line 15
[05-Apr-2017 22:16:03 UTC] PHP Warning:  in_array() expects parameter 2 to be array, null given in /var/www/html/wordpress/wp-content/plugins/hcode-addons/hcode-shortcodes/extend-composer/hcode-multiple-select-option.php on line 36
[05-Apr-2017 22:16:03 UTC] PHP Warning:  in_array() expects parameter 2 to be array, null given in /var/www/html/wordpress/wp-content/plugins/hcode-addons/hcode-shortcodes/extend-composer/hcode-multiple-select-option.php on line 36
[05-Apr-2017 22:16:03 UTC] PHP Warning:  in_array() expects parameter 2 to be array, null given in /var/www/html/wordpress/wp-content/plugins/hcode-addons/hcode-shortcodes/extend-composer/hcode-multiple-select-option.php on line 36
[05-Apr-2017 22:16:03 UTC] PHP Warning:  in_array() expects parameter 2 to be array, null given in /var/www/html/wordpress/wp-content/plugins/hcode-addons/hcode-shortcodes/extend-composer/hcode-multiple-select-option.php on line 36
[05-Apr-2017 22:16:03 UTC] PHP Warning:  in_array() expects parameter 2 to be array, null given in /var/www/html/wordpress/wp-content/plugins/hcode-addons/hcode-shortcodes/extend-composer/hcode-multiple-select-option.php on line 36
[05-Apr-2017 22:16:03 UTC] PHP Warning:  in_array() expects parameter 2 to be array, null given in /var/www/html/wordpress/wp-content/plugins/hcode-addons/hcode-shortcodes/extend-composer/hcode-multiple-select-option.php on line 36
[05-Apr-2017 22:16:03 UTC] PHP Warning:  in_array() expects parameter 2 to be array, null given in /var/www/html/wordpress/wp-content/plugins/hcode-addons/hcode-shortcodes/extend-composer/hcode-multiple-select-option.php on line 36
[05-Apr-2017 22:16:03 UTC] PHP Warning:  in_array() expects parameter 2 to be array, null given in /var/www/html/wordpress/wp-content/plugins/hcode-addons/hcode-shortcodes/extend-composer/hcode-multiple-select-option.php on line 36
[05-Apr-2017 22:16:03 UTC] PHP Warning:  in_array() expects parameter 2 to be array, null given in /var/www/html/wordpress/wp-content/plugins/hcode-addons/hcode-shortcodes/extend-composer/hcode-multiple-select-option.php on line 36
[05-Apr-2017 22:16:03 UTC] PHP Warning:  in_array() expects parameter 2 to be array, null given in /var/www/html/wordpress/wp-content/plugins/hcode-addons/hcode-shortcodes/extend-composer/hcode-multiple-select-option.php on line 36
[05-Apr-2017 22:16:03 UTC] PHP Warning:  in_array() expects parameter 2 to be array, null given in /var/www/html/wordpress/wp-content/plugins/hcode-addons/hcode-shortcodes/extend-composer/hcode-multiple-select-option.php on line 36
[05-Apr-2017 22:16:46 UTC] PHP Notice:  Trying to get property of non-object in /var/www/html/wordpress/wp-content/themes/h-code/lib/hcode-extra-functions.php on line 155
[05-Apr-2017 22:16:55 UTC] PHP Notice:  Trying to get property of non-object in /var/www/html/wordpress/wp-content/themes/h-code/lib/hcode-extra-functions.php on line 155
[05-Apr-2017 22:16:55 UTC] PHP Notice:  Trying to get property of non-object in /var/www/html/wordpress/wp-content/themes/h-code/lib/hcode-extra-functions.php on line 155
[05-Apr-2017 22:16:55 UTC] PHP Notice:  Trying to get property of non-object in /var/www/html/wordpress/wp-content/themes/h-code/lib/hcode-extra-functions.php on line 155
[05-Apr-2017 22:16:55 UTC] PHP Notice:  Trying to get property of non-object in /var/www/html/wordpress/wp-content/themes/h-code/lib/hcode-extra-functions.php on line 155
[05-Apr-2017 22:16:55 UTC] PHP Notice:  Trying to get property of non-object in /var/www/html/wordpress/wp-content/themes/h-code/lib/hcode-extra-functions.php on line 155
[05-Apr-2017 22:16:55 UTC] PHP Notice:  Trying to get property of non-object in /var/www/html/wordpress/wp-content/themes/h-code/lib/hcode-extra-functions.php on line 155
[05-Apr-2017 22:16:55 UTC] PHP Notice:  Trying to get property of non-object in /var/www/html/wordpress/wp-content/themes/h-code/lib/hcode-extra-functions.php on line 155
[05-Apr-2017 22:16:55 UTC] PHP Notice:  Trying to get property of non-object in /var/www/html/wordpress/wp-content/themes/h-code/lib/hcode-extra-functions.php on line 155
[05-Apr-2017 22:16:55 UTC] PHP Notice:  Trying to get property of non-object in /var/www/html/wordpress/wp-content/themes/h-code/lib/hcode-extra-functions.php on line 155
[05-Apr-2017 22:16:55 UTC] PHP Notice:  Trying to get property of non-object in /var/www/html/wordpress/wp-content/themes/h-code/lib/hcode-extra-functions.php on line 155
[05-Apr-2017 22:18:17 UTC] PHP Warning:  explode() expects parameter 2 to be string, array given in /var/www/html/wordpress/wp-content/plugins/hcode-addons/hcode-shortcodes/extend-composer/hcode-multiple-select-option.php on line 13
[05-Apr-2017 22:18:17 UTC] PHP Warning:  Invalid argument supplied for foreach() in /var/www/html/wordpress/wp-content/plugins/hcode-addons/hcode-shortcodes/extend-composer/hcode-multiple-select-option.php on line 15
[05-Apr-2017 22:18:17 UTC] PHP Warning:  in_array() expects parameter 2 to be array, null given in /var/www/html/wordpress/wp-content/plugins/hcode-addons/hcode-shortcodes/extend-composer/hcode-multiple-select-option.php on line 36
[05-Apr-2017 22:18:17 UTC] PHP Warning:  in_array() expects parameter 2 to be array, null given in /var/www/html/wordpress/wp-content/plugins/hcode-addons/hcode-shortcodes/extend-composer/hcode-multiple-select-option.php on line 36
[05-Apr-2017 22:18:17 UTC] PHP Warning:  in_array() expects parameter 2 to be array, null given in /var/www/html/wordpress/wp-content/plugins/hcode-addons/hcode-shortcodes/extend-composer/hcode-multiple-select-option.php on line 36
[05-Apr-2017 22:18:17 UTC] PHP Warning:  in_array() expects parameter 2 to be array, null given in /var/www/html/wordpress/wp-content/plugins/hcode-addons/hcode-shortcodes/extend-composer/hcode-multiple-select-option.php on line 36
[05-Apr-2017 22:18:17 UTC] PHP Warning:  in_array() expects parameter 2 to be array, null given in /var/www/html/wordpress/wp-content/plugins/hcode-addons/hcode-shortcodes/extend-composer/hcode-multiple-select-option.php on line 36
[05-Apr-2017 22:18:17 UTC] PHP Warning:  in_array() expects parameter 2 to be array, null given in /var/www/html/wordpress/wp-content/plugins/hcode-addons/hcode-shortcodes/extend-composer/hcode-multiple-select-option.php on line 36
[05-Apr-2017 22:18:17 UTC] PHP Warning:  in_array() expects parameter 2 to be array, null given in /var/www/html/wordpress/wp-content/plugins/hcode-addons/hcode-shortcodes/extend-composer/hcode-multiple-select-option.php on line 36
[05-Apr-2017 22:18:17 UTC] PHP Warning:  in_array() expects parameter 2 to be array, null given in /var/www/html/wordpress/wp-content/plugins/hcode-addons/hcode-shortcodes/extend-composer/hcode-multiple-select-option.php on line 36
[05-Apr-2017 22:18:17 UTC] PHP Warning:  in_array() expects parameter 2 to be array, null given in /var/www/html/wordpress/wp-content/plugins/hcode-addons/hcode-shortcodes/extend-composer/hcode-multiple-select-option.php on line 36
[05-Apr-2017 22:18:17 UTC] PHP Warning:  in_array() expects parameter 2 to be array, null given in /var/www/html/wordpress/wp-content/plugins/hcode-addons/hcode-shortcodes/extend-composer/hcode-multiple-select-option.php on line 36
[05-Apr-2017 22:18:17 UTC] PHP Warning:  in_array() expects parameter 2 to be array, null given in /var/www/html/wordpress/wp-content/plugins/hcode-addons/hcode-shortcodes/extend-composer/hcode-multiple-select-option.php on line 36
[05-Apr-2017 22:18:40 UTC] PHP Notice:  Trying to get property of non-object in /var/www/html/wordpress/wp-content/themes/h-code/lib/hcode-extra-functions.php on line 155
[05-Apr-2017 22:20:08 UTC] PHP Notice:  Trying to get property of non-object in /var/www/html/wordpress/wp-content/themes/h-code/lib/hcode-extra-functions.php on line 155
[05-Apr-2017 23:01:28 UTC] PHP Notice:  Trying to get property of non-object in /var/www/html/wordpress/wp-content/plugins/revslider/includes/page-template.class.php on line 115
[05-Apr-2017 23:01:29 UTC] PHP Notice:  Trying to get property of non-object in /var/www/html/wordpress/wp-content/plugins/revslider/includes/page-template.class.php on line 115
[05-Apr-2017 23:08:47 UTC] PHP Notice:  Trying to get property of non-object in /var/www/html/wordpress/wp-content/themes/h-code/lib/hcode-extra-functions.php on line 155
[05-Apr-2017 23:26:30 UTC] PHP Notice:  Undefined variable: thumbnail in /var/www/html/wordpress/wp-content/themes/h-code/inc/hcode-recent-post-widget.php on line 90
[05-Apr-2017 23:32:26 UTC] PHP Notice:  Trying to get property of non-object in /var/www/html/wordpress/wp-content/themes/h-code/lib/hcode-extra-functions.php on line 155
[06-Apr-2017 00:08:40 UTC] PHP Notice:  Undefined variable: thumbnail in /var/www/html/wordpress/wp-content/themes/h-code/inc/hcode-recent-post-widget.php on line 90
[06-Apr-2017 00:09:52 UTC] PHP Notice:  Undefined variable: thumbnail in /var/www/html/wordpress/wp-content/themes/h-code/inc/hcode-recent-post-widget.php on line 90
[06-Apr-2017 00:11:13 UTC] PHP Notice:  Undefined variable: thumbnail in /var/www/html/wordpress/wp-content/themes/h-code/inc/hcode-recent-post-widget.php on line 90
[06-Apr-2017 00:38:01 UTC] PHP Notice:  Trying to get property of non-object in /var/www/html/wordpress/wp-content/themes/h-code/lib/hcode-extra-functions.php on line 155
[06-Apr-2017 00:38:01 UTC] PHP Notice:  Trying to get property of non-object in /var/www/html/wordpress/wp-content/plugins/hcode-addons/hcode-shortcodes/shortcode/hcode-shortcode-image.php on line 123
[06-Apr-2017 01:25:11 UTC] PHP Notice:  Trying to get property of non-object in /var/www/html/wordpress/wp-content/themes/h-code/lib/hcode-extra-functions.php on line 155
[06-Apr-2017 01:25:22 UTC] PHP Notice:  Trying to get property of non-object in /var/www/html/wordpress/wp-content/themes/h-code/lib/hcode-extra-functions.php on line 155
[06-Apr-2017 01:37:28 UTC] PHP Notice:  Undefined variable: thumbnail in /var/www/html/wordpress/wp-content/themes/h-code/inc/hcode-recent-post-widget.php on line 90
[11-Apr-2017 01:26:17 UTC] PHP Notice: This XML document is invalid, likely due to invalid characters. XML error: Undeclared entity error at line 11, column 24 in /var/www/html/wordpress/wp-includes/class-simplepie.php on line 1421
[11-Apr-2017 01:39:22 UTC] PHP Notice:  Undefined variable: thumbnail in /var/www/html/wordpress/wp-content/themes/h-code/inc/hcode-recent-post-widget.php on line 90
[11-Apr-2017 01:49:06 UTC] PHP Notice:  Undefined variable: thumbnail in /var/www/html/wordpress/wp-content/themes/h-code/inc/hcode-recent-post-widget.php on line 90
[11-Apr-2017 02:18:52 UTC] PHP Notice:  Trying to get property of non-object in /var/www/html/wordpress/wp-content/themes/h-code/lib/hcode-extra-functions.php on line 155
[11-Apr-2017 02:19:42 UTC] PHP Notice:  Undefined variable: thumbnail in /var/www/html/wordpress/wp-content/themes/h-code/inc/hcode-recent-post-widget.php on line 90
[11-Apr-2017 02:22:41 UTC] PHP Notice:  Undefined variable: thumbnail in /var/www/html/wordpress/wp-content/themes/h-code/inc/hcode-recent-post-widget.php on line 90
[11-Apr-2017 02:26:44 UTC] PHP Notice:  Undefined variable: thumbnail in /var/www/html/wordpress/wp-content/themes/h-code/inc/hcode-recent-post-widget.php on line 90
[11-Apr-2017 02:31:49 UTC] PHP Notice:  Undefined variable: thumbnail in /var/www/html/wordpress/wp-content/themes/h-code/inc/hcode-recent-post-widget.php on line 90
[11-Apr-2017 02:44:22 UTC] PHP Notice:  Undefined variable: thumbnail in /var/www/html/wordpress/wp-content/themes/h-code/inc/hcode-recent-post-widget.php on line 90
[11-Apr-2017 02:45:46 UTC] PHP Notice:  Undefined variable: thumbnail in /var/www/html/wordpress/wp-content/themes/h-code/inc/hcode-recent-post-widget.php on line 90
[11-Apr-2017 02:50:03 UTC] PHP Notice:  Trying to get property of non-object in /var/www/html/wordpress/wp-content/themes/h-code/lib/hcode-extra-functions.php on line 155
[11-Apr-2017 03:47:09 UTC] PHP Notice:  Undefined variable: thumbnail in /var/www/html/wordpress/wp-content/themes/h-code/inc/hcode-recent-post-widget.php on line 90
[12-Apr-2017 18:36:34 UTC] PHP Notice:  Undefined offset: 1 in /var/www/html/wordpress/wp-admin/includes/dashboard.php on line 1227
[12-Apr-2017 18:54:49 UTC] PHP Notice:  Undefined variable: thumbnail in /var/www/html/wordpress/wp-content/themes/h-code/inc/hcode-recent-post-widget.php on line 90
